<?xml version="1.0" encoding="UTF-8"?>
<robot generator="Robot 4.1.3 (Python 3.10.2 on win32)" generated="20220408 00:55:11.975" rpa="false" schemaversion="2">
<suite id="s1" name="SacarTrxAcademy" source="D:\Programacao\testes com robot\Projeto para saques em plataformas\SacarTrxAcademy.robot">
<test id="s1-t1" name="Bater Ponto">
<kw name="Open Browser" library="SeleniumLibrary">
<arg>${url}</arg>
<arg>firefox</arg>
<doc>Opens a new browser instance to the optional ``url``.</doc>
<msg timestamp="20220408 00:55:12.502" level="INFO">Opening browser 'firefox' to base url 'https://trx.academy/mobile/login.html'.</msg>
<msg timestamp="20220408 00:55:12.512" level="INFO">Firefox driver log is always forced to to: D:\Programacao\testes com robot\Projeto para saques em plataformas\geckodriver-30.log</msg>
<status status="PASS" starttime="20220408 00:55:12.500" endtime="20220408 00:55:27.353"/>
</kw>
<kw name="Sleep" library="BuiltIn">
<arg>5s</arg>
<doc>Pauses the test executed for the given time.</doc>
<msg timestamp="20220408 00:55:32.354" level="INFO">Slept 5 seconds</msg>
<status status="PASS" starttime="20220408 00:55:27.353" endtime="20220408 00:55:32.354"/>
</kw>
<kw name="Input Text" library="SeleniumLibrary">
<arg>xpath://*[@id="app"]/main/div/div/div/div[1]/input</arg>
<arg>${user}</arg>
<doc>Types the given ``text`` into the text field identified by ``locator``.</doc>
<msg timestamp="20220408 00:55:32.356" level="INFO">Typing text '47996821589' into text field 'xpath://*[@id="app"]/main/div/div/div/div[1]/input'.</msg>
<status status="PASS" starttime="20220408 00:55:32.355" endtime="20220408 00:55:32.445"/>
</kw>
<kw name="Input Text" library="SeleniumLibrary">
<arg>xpath://*[@id="app"]/main/div/div/div/div[2]/input</arg>
<arg>${pw}</arg>
<doc>Types the given ``text`` into the text field identified by ``locator``.</doc>
<msg timestamp="20220408 00:55:32.448" level="INFO">Typing text 'Ramon@@1995' into text field 'xpath://*[@id="app"]/main/div/div/div/div[2]/input'.</msg>
<status status="PASS" starttime="20220408 00:55:32.447" endtime="20220408 00:55:32.475"/>
</kw>
<kw name="Sleep" library="BuiltIn">
<arg>5s</arg>
<doc>Pauses the test executed for the given time.</doc>
<msg timestamp="20220408 00:55:37.482" level="INFO">Slept 5 seconds</msg>
<status status="PASS" starttime="20220408 00:55:32.476" endtime="20220408 00:55:37.482"/>
</kw>
<kw name="Click Element" library="SeleniumLibrary">
<arg>xpath://*[@id="app"]/main/div/div/div/div[3]/div</arg>
<doc>Click the element identified by ``locator``.</doc>
<msg timestamp="20220408 00:55:37.484" level="INFO">Clicking element 'xpath://*[@id="app"]/main/div/div/div/div[3]/div'.</msg>
<status status="PASS" starttime="20220408 00:55:37.483" endtime="20220408 00:55:38.219"/>
</kw>
<kw name="Wait Until Element Is Visible" library="SeleniumLibrary">
<arg>${botao_login}</arg>
<doc>Waits until the element ``locator`` is visible.</doc>
<status status="PASS" starttime="20220408 00:55:38.220" endtime="20220408 00:55:38.256"/>
</kw>
<kw name="Click Element" library="SeleniumLibrary">
<arg>${botao_login}</arg>
<doc>Click the element identified by ``locator``.</doc>
<msg timestamp="20220408 00:55:38.258" level="INFO">Clicking element 'id:denglu'.</msg>
<status status="PASS" starttime="20220408 00:55:38.257" endtime="20220408 00:55:38.724"/>
</kw>
<kw name="Sleep" library="BuiltIn">
<arg>20s</arg>
<doc>Pauses the test executed for the given time.</doc>
<msg timestamp="20220408 00:55:58.733" level="INFO">Slept 20 seconds</msg>
<status status="PASS" starttime="20220408 00:55:38.725" endtime="20220408 00:55:58.733"/>
</kw>
<kw name="Wait Until Element Is Visible" library="SeleniumLibrary">
<arg>xpath://*[@id="iKnow"]</arg>
<doc>Waits until the element ``locator`` is visible.</doc>
<status status="PASS" starttime="20220408 00:55:58.735" endtime="20220408 00:55:58.770"/>
</kw>
<kw name="Click Element" library="SeleniumLibrary">
<arg>xpath://*[@id="iKnow"]</arg>
<doc>Click the element identified by ``locator``.</doc>
<msg timestamp="20220408 00:55:58.771" level="INFO">Clicking element 'xpath://*[@id="iKnow"]'.</msg>
<status status="PASS" starttime="20220408 00:55:58.770" endtime="20220408 00:55:59.503"/>
</kw>
<kw name="Wait Until Element Is Visible" library="SeleniumLibrary">
<arg>xpath://*[@id="app"]/main/div[2]/div[1]/div/div/a[2]/span/span[1]</arg>
<doc>Waits until the element ``locator`` is visible.</doc>
<status status="PASS" starttime="20220408 00:55:59.504" endtime="20220408 00:55:59.533"/>
</kw>
<kw name="Click Element" library="SeleniumLibrary">
<arg>xpath://*[@id="app"]/main/div[2]/div[1]/div/div/a[2]/span/span[1]</arg>
<doc>Click the element identified by ``locator``.</doc>
<msg timestamp="20220408 00:55:59.535" level="INFO">Clicking element 'xpath://*[@id="app"]/main/div[2]/div[1]/div/div/a[2]/span/span[1]'.</msg>
<status status="PASS" starttime="20220408 00:55:59.534" endtime="20220408 00:56:01.434"/>
</kw>
<status status="PASS" starttime="20220408 00:55:12.499" endtime="20220408 00:56:01.436"/>
</test>
<test id="s1-t2" name="//Valor a sacar input">
<kw name="Wait Until Element Is Visible" library="SeleniumLibrary">
<arg>xpath://*[@id="app"]/main/div[2]/div/div[1]/div[3]/input</arg>
<doc>Waits until the element ``locator`` is visible.</doc>
<status status="PASS" starttime="20220408 00:56:01.441" endtime="20220408 00:56:01.472"/>
</kw>
<kw name="Input Text" library="SeleniumLibrary">
<arg>xpath://*[@id="app"]/main/div[2]/div/div[1]/div[3]/input</arg>
<arg>${valorSacar}</arg>
<doc>Types the given ``text`` into the text field identified by ``locator``.</doc>
<msg timestamp="20220408 00:56:01.474" level="INFO">Typing text '1.35' into text field 'xpath://*[@id="app"]/main/div[2]/div/div[1]/div[3]/input'.</msg>
<status status="PASS" starttime="20220408 00:56:01.473" endtime="20220408 00:56:01.505"/>
</kw>
<status status="PASS" starttime="20220408 00:56:01.440" endtime="20220408 00:56:01.505"/>
</test>
<test id="s1-t3" name="//Endereço do trc20">
<kw name="Wait Until Element Is Visible" library="SeleniumLibrary">
<arg>id:address</arg>
<doc>Waits until the element ``locator`` is visible.</doc>
<status status="PASS" starttime="20220408 00:56:01.509" endtime="20220408 00:56:01.535"/>
</kw>
<kw name="Input Text" library="SeleniumLibrary">
<arg>id:address</arg>
<arg>TMSZzDEykhEXE1sKUNw3zStjEV1C84LsPJ</arg>
<doc>Types the given ``text`` into the text field identified by ``locator``.</doc>
<msg timestamp="20220408 00:56:01.535" level="INFO">Typing text 'TMSZzDEykhEXE1sKUNw3zStjEV1C84LsPJ' into text field 'id:address'.</msg>
<status status="PASS" starttime="20220408 00:56:01.535" endtime="20220408 00:56:01.580"/>
</kw>
<status status="PASS" starttime="20220408 00:56:01.508" endtime="20220408 00:56:01.581"/>
</test>
<test id="s1-t4" name="//Senha de saque">
<kw name="Wait Until Element Is Visible" library="SeleniumLibrary">
<arg>xpath://*[@id="app"]/main/div[2]/div/div[1]/div[5]/input</arg>
<doc>Waits until the element ``locator`` is visible.</doc>
<status status="PASS" starttime="20220408 00:56:01.584" endtime="20220408 00:56:01.724"/>
</kw>
<kw name="Click Element" library="SeleniumLibrary">
<arg>xpath://*[@id="app"]/main/div[2]/div/div[1]/div[5]/input</arg>
<doc>Click the element identified by ``locator``.</doc>
<msg timestamp="20220408 00:56:01.725" level="INFO">Clicking element 'xpath://*[@id="app"]/main/div[2]/div/div[1]/div[5]/input'.</msg>
<status status="PASS" starttime="20220408 00:56:01.725" endtime="20220408 00:56:02.459"/>
</kw>
<kw name="Input Text" library="SeleniumLibrary">
<arg>xpath://*[@id="app"]/main/div[2]/div/div[1]/div[5]/input</arg>
<arg>${botton_pd}</arg>
<doc>Types the given ``text`` into the text field identified by ``locator``.</doc>
<msg timestamp="20220408 00:56:02.460" level="INFO">Typing text '10061995' into text field 'xpath://*[@id="app"]/main/div[2]/div/div[1]/div[5]/input'.</msg>
<status status="PASS" starttime="20220408 00:56:02.459" endtime="20220408 00:56:02.482"/>
</kw>
<kw name="Sleep" library="BuiltIn">
<arg>5s</arg>
<doc>Pauses the test executed for the given time.</doc>
<msg timestamp="20220408 00:56:07.492" level="INFO">Slept 5 seconds</msg>
<status status="PASS" starttime="20220408 00:56:02.482" endtime="20220408 00:56:07.492"/>
</kw>
<status status="PASS" starttime="20220408 00:56:01.583" endtime="20220408 00:56:07.493"/>
</test>
<test id="s1-t5" name="//Botão de confirmar saque">
<kw name="Wait Until Element Is Visible" library="SeleniumLibrary">
<arg>xpath://*[@id="app"]/main/div[2]/div/div[2]/button</arg>
<doc>Waits until the element ``locator`` is visible.</doc>
<status status="PASS" starttime="20220408 00:56:07.496" endtime="20220408 00:56:07.521"/>
</kw>
<kw name="Click Element" library="SeleniumLibrary">
<arg>xpath://*[@id="app"]/main/div[2]/div/div[2]/button</arg>
<doc>Click the element identified by ``locator``.</doc>
<msg timestamp="20220408 00:56:07.522" level="INFO">Clicking element 'xpath://*[@id="app"]/main/div[2]/div/div[2]/button'.</msg>
<status status="PASS" starttime="20220408 00:56:07.521" endtime="20220408 00:56:08.261"/>
</kw>
<kw name="Sleep" library="BuiltIn">
<arg>30s</arg>
<doc>Pauses the test executed for the given time.</doc>
<msg timestamp="20220408 00:56:38.269" level="INFO">Slept 30 seconds</msg>
<status status="PASS" starttime="20220408 00:56:08.262" endtime="20220408 00:56:38.269"/>
</kw>
<kw name="Close Browser" library="SeleniumLibrary">
<doc>Closes the current browser.</doc>
<status status="PASS" starttime="20220408 00:56:38.270" endtime="20220408 00:56:39.559"/>
</kw>
<status status="PASS" starttime="20220408 00:56:07.495" endtime="20220408 00:56:39.560"/>
</test>
<doc>Desenvolvido para sacar automaticamente trx na trx mining
Feito por Ramon</doc>
<status status="PASS" starttime="20220408 00:55:11.978" endtime="20220408 00:56:39.562"/>
</suite>
<statistics>
<total>
<stat pass="5" fail="0" skip="0">All Tests</stat>
</total>
<tag>
</tag>
<suite>
<stat pass="5" fail="0" skip="0" id="s1" name="SacarTrxAcademy">SacarTrxAcademy</stat>
</suite>
</statistics>
<errors>
</errors>
</robot>
