<?xml version="1.0" encoding="UTF-8"?>
<robot generator="Robot 4.1.3 (Python 3.10.2 on win32)" generated="20220407 01:21:37.408" rpa="false" schemaversion="2">
<suite id="s1" name="SacarTrxAcademy" source="D:\Programacao\testes com robot\Projeto para saques em plataformas\SacarTrxAcademy.robot">
<test id="s1-t1" name="Bater Ponto">
<kw name="Open Browser" library="SeleniumLibrary">
<arg>${url}</arg>
<arg>firefox</arg>
<doc>Opens a new browser instance to the optional ``url``.</doc>
<msg timestamp="20220407 01:21:37.894" level="INFO">Opening browser 'firefox' to base url 'https://trx.academy/mobile/login.html'.</msg>
<msg timestamp="20220407 01:21:37.899" level="INFO">Firefox driver log is always forced to to: D:\Programacao\testes com robot\Projeto para saques em plataformas\geckodriver-18.log</msg>
<status status="PASS" starttime="20220407 01:21:37.894" endtime="20220407 01:21:50.317"/>
</kw>
<kw name="Sleep" library="BuiltIn">
<arg>5s</arg>
<doc>Pauses the test executed for the given time.</doc>
<msg timestamp="20220407 01:21:55.345" level="INFO">Slept 5 seconds</msg>
<status status="PASS" starttime="20220407 01:21:50.317" endtime="20220407 01:21:55.346"/>
</kw>
<kw name="Input Text" library="SeleniumLibrary">
<arg>xpath://*[@id="app"]/main/div/div/div/div[1]/input</arg>
<arg>${user}</arg>
<doc>Types the given ``text`` into the text field identified by ``locator``.</doc>
<msg timestamp="20220407 01:21:55.346" level="INFO">Typing text '47996821589' into text field 'xpath://*[@id="app"]/main/div/div/div/div[1]/input'.</msg>
<status status="PASS" starttime="20220407 01:21:55.346" endtime="20220407 01:21:55.408"/>
</kw>
<kw name="Input Text" library="SeleniumLibrary">
<arg>xpath://*[@id="app"]/main/div/div/div/div[2]/input</arg>
<arg>${pw}</arg>
<doc>Types the given ``text`` into the text field identified by ``locator``.</doc>
<msg timestamp="20220407 01:21:55.408" level="INFO">Typing text 'Ramon@@1995' into text field 'xpath://*[@id="app"]/main/div/div/div/div[2]/input'.</msg>
<status status="PASS" starttime="20220407 01:21:55.408" endtime="20220407 01:21:55.447"/>
</kw>
<kw name="Sleep" library="BuiltIn">
<arg>5s</arg>
<doc>Pauses the test executed for the given time.</doc>
<msg timestamp="20220407 01:22:00.458" level="INFO">Slept 5 seconds</msg>
<status status="PASS" starttime="20220407 01:21:55.448" endtime="20220407 01:22:00.458"/>
</kw>
<kw name="Click Element" library="SeleniumLibrary">
<arg>xpath://*[@id="app"]/main/div/div/div/div[3]/div</arg>
<doc>Click the element identified by ``locator``.</doc>
<msg timestamp="20220407 01:22:00.458" level="INFO">Clicking element 'xpath://*[@id="app"]/main/div/div/div/div[3]/div'.</msg>
<status status="PASS" starttime="20220407 01:22:00.458" endtime="20220407 01:22:00.691"/>
</kw>
<kw name="Wait Until Element Is Visible" library="SeleniumLibrary">
<arg>${botao_login}</arg>
<doc>Waits until the element ``locator`` is visible.</doc>
<status status="PASS" starttime="20220407 01:22:00.691" endtime="20220407 01:22:00.720"/>
</kw>
<kw name="Click Element" library="SeleniumLibrary">
<arg>${botao_login}</arg>
<doc>Click the element identified by ``locator``.</doc>
<msg timestamp="20220407 01:22:00.721" level="INFO">Clicking element 'id:denglu'.</msg>
<status status="PASS" starttime="20220407 01:22:00.721" endtime="20220407 01:22:00.957"/>
</kw>
<kw name="Sleep" library="BuiltIn">
<arg>20s</arg>
<doc>Pauses the test executed for the given time.</doc>
<msg timestamp="20220407 01:22:20.962" level="INFO">Slept 20 seconds</msg>
<status status="PASS" starttime="20220407 01:22:00.957" endtime="20220407 01:22:20.962"/>
</kw>
<kw name="Wait Until Element Is Visible" library="SeleniumLibrary">
<arg>xpath://*[@id="app"]/main/div[2]/div[1]/div/div/a[2]/span/span[1]</arg>
<doc>Waits until the element ``locator`` is visible.</doc>
<msg timestamp="20220407 01:22:21.269" level="WARN">Keyword 'Capture Page Screenshot' could not be run on failure: Message: Tried to run command without establishing a connection
</msg>
<msg timestamp="20220407 01:22:21.333" level="FAIL">WebDriverException: Message: Failed to decode response from marionette
</msg>
<status status="FAIL" starttime="20220407 01:22:20.962" endtime="20220407 01:22:21.333"/>
</kw>
<kw name="Click Element" library="SeleniumLibrary">
<arg>xpath://*[@id="app"]/main/div[2]/div[1]/div/div/a[2]/span/span[1]</arg>
<doc>Click the element identified by ``locator``.</doc>
<status status="NOT RUN" starttime="20220407 01:22:21.333" endtime="20220407 01:22:21.333"/>
</kw>
<status status="FAIL" starttime="20220407 01:21:37.879" endtime="20220407 01:22:21.333">WebDriverException: Message: Failed to decode response from marionette
</status>
</test>
<test id="s1-t2" name="//Valor a sacar input">
<kw name="Wait Until Element Is Visible" library="SeleniumLibrary">
<arg>xpath://*[@id="app"]/main/div[2]/div/div[1]/div[3]/input</arg>
<doc>Waits until the element ``locator`` is visible.</doc>
<msg timestamp="20220407 01:22:21.340" level="WARN">Keyword 'Capture Page Screenshot' could not be run on failure: Message: Tried to run command without establishing a connection
</msg>
<msg timestamp="20220407 01:22:21.348" level="FAIL">InvalidSessionIdException: Message: Tried to run command without establishing a connection
</msg>
<status status="FAIL" starttime="20220407 01:22:21.339" endtime="20220407 01:22:21.348"/>
</kw>
<kw name="Input Text" library="SeleniumLibrary">
<arg>xpath://*[@id="app"]/main/div[2]/div/div[1]/div[3]/input</arg>
<arg>${valorSacar}</arg>
<doc>Types the given ``text`` into the text field identified by ``locator``.</doc>
<status status="NOT RUN" starttime="20220407 01:22:21.348" endtime="20220407 01:22:21.348"/>
</kw>
<status status="FAIL" starttime="20220407 01:22:21.338" endtime="20220407 01:22:21.348">InvalidSessionIdException: Message: Tried to run command without establishing a connection
</status>
</test>
<test id="s1-t3" name="//Endereço do trc20">
<kw name="Wait Until Element Is Visible" library="SeleniumLibrary">
<arg>id:address</arg>
<doc>Waits until the element ``locator`` is visible.</doc>
<msg timestamp="20220407 01:22:21.355" level="WARN">Keyword 'Capture Page Screenshot' could not be run on failure: Message: Tried to run command without establishing a connection
</msg>
<msg timestamp="20220407 01:22:21.362" level="FAIL">InvalidSessionIdException: Message: Tried to run command without establishing a connection
</msg>
<status status="FAIL" starttime="20220407 01:22:21.353" endtime="20220407 01:22:21.362"/>
</kw>
<kw name="Input Text" library="SeleniumLibrary">
<arg>id:address</arg>
<arg>TMSZzDEykhEXE1sKUNw3zStjEV1C84LsPJ</arg>
<doc>Types the given ``text`` into the text field identified by ``locator``.</doc>
<status status="NOT RUN" starttime="20220407 01:22:21.362" endtime="20220407 01:22:21.362"/>
</kw>
<status status="FAIL" starttime="20220407 01:22:21.352" endtime="20220407 01:22:21.362">InvalidSessionIdException: Message: Tried to run command without establishing a connection
</status>
</test>
<test id="s1-t4" name="//Senha de saque">
<kw name="Wait Until Element Is Visible" library="SeleniumLibrary">
<arg>xpath://*[@id="app"]/main/div[2]/div/div[1]/div[5]/input</arg>
<doc>Waits until the element ``locator`` is visible.</doc>
<msg timestamp="20220407 01:22:21.371" level="WARN">Keyword 'Capture Page Screenshot' could not be run on failure: Message: Tried to run command without establishing a connection
</msg>
<msg timestamp="20220407 01:22:21.375" level="FAIL">InvalidSessionIdException: Message: Tried to run command without establishing a connection
</msg>
<status status="FAIL" starttime="20220407 01:22:21.365" endtime="20220407 01:22:21.375"/>
</kw>
<kw name="Input Text" library="SeleniumLibrary">
<arg>xpath://*[@id="app"]/main/div[2]/div/div[1]/div[5]/input</arg>
<arg>${pw}</arg>
<doc>Types the given ``text`` into the text field identified by ``locator``.</doc>
<status status="NOT RUN" starttime="20220407 01:22:21.375" endtime="20220407 01:22:21.375"/>
</kw>
<status status="FAIL" starttime="20220407 01:22:21.362" endtime="20220407 01:22:21.375">InvalidSessionIdException: Message: Tried to run command without establishing a connection
</status>
</test>
<test id="s1-t5" name="//Botão de confirmar saque">
<kw name="Wait Until Element Is Visible" library="SeleniumLibrary">
<arg>xpath://*[@id="app"]/main/div[2]/div/div[2]/button</arg>
<doc>Waits until the element ``locator`` is visible.</doc>
<msg timestamp="20220407 01:22:21.380" level="WARN">Keyword 'Capture Page Screenshot' could not be run on failure: Message: Tried to run command without establishing a connection
</msg>
<msg timestamp="20220407 01:22:21.387" level="FAIL">InvalidSessionIdException: Message: Tried to run command without establishing a connection
</msg>
<status status="FAIL" starttime="20220407 01:22:21.378" endtime="20220407 01:22:21.387"/>
</kw>
<kw name="Click Element" library="SeleniumLibrary">
<arg>xpath://*[@id="app"]/main/div[2]/div/div[2]/button</arg>
<doc>Click the element identified by ``locator``.</doc>
<status status="NOT RUN" starttime="20220407 01:22:21.388" endtime="20220407 01:22:21.388"/>
</kw>
<kw name="Sleep" library="BuiltIn">
<arg>10s</arg>
<doc>Pauses the test executed for the given time.</doc>
<status status="NOT RUN" starttime="20220407 01:22:21.388" endtime="20220407 01:22:21.388"/>
</kw>
<kw name="Close Browser" library="SeleniumLibrary">
<doc>Closes the current browser.</doc>
<status status="NOT RUN" starttime="20220407 01:22:21.388" endtime="20220407 01:22:21.388"/>
</kw>
<status status="FAIL" starttime="20220407 01:22:21.375" endtime="20220407 01:22:21.388">InvalidSessionIdException: Message: Tried to run command without establishing a connection
</status>
</test>
<doc>Desenvolvido para sacar automaticamente trx na trx mining
Feito por Ramon</doc>
<status status="FAIL" starttime="20220407 01:21:37.424" endtime="20220407 01:22:21.391"/>
</suite>
<statistics>
<total>
<stat pass="0" fail="5" skip="0">All Tests</stat>
</total>
<tag>
</tag>
<suite>
<stat pass="0" fail="5" skip="0" id="s1" name="SacarTrxAcademy">SacarTrxAcademy</stat>
</suite>
</statistics>
<errors>
<msg timestamp="20220407 01:22:21.269" level="WARN">Keyword 'Capture Page Screenshot' could not be run on failure: Message: Tried to run command without establishing a connection
</msg>
<msg timestamp="20220407 01:22:21.340" level="WARN">Keyword 'Capture Page Screenshot' could not be run on failure: Message: Tried to run command without establishing a connection
</msg>
<msg timestamp="20220407 01:22:21.355" level="WARN">Keyword 'Capture Page Screenshot' could not be run on failure: Message: Tried to run command without establishing a connection
</msg>
<msg timestamp="20220407 01:22:21.371" level="WARN">Keyword 'Capture Page Screenshot' could not be run on failure: Message: Tried to run command without establishing a connection
</msg>
<msg timestamp="20220407 01:22:21.380" level="WARN">Keyword 'Capture Page Screenshot' could not be run on failure: Message: Tried to run command without establishing a connection
</msg>
</errors>
</robot>
